<?xml version="1.0" encoding="UTF-8"?>
<!--
  ~ Copyright (C) 2011, FuseSource Corp.  All rights reserved.
  ~ http://fusesource.com
  ~
  ~ The software in this package is published under the terms of the
  ~ CDDL license a copy of which has been included with this distribution
  ~ in the license.txt file.
-->
<beans xmlns="http://www.springframework.org/schema/beans" xmlns:xsi="http://www.w3.org/2001/XMLSchema-instance"
       xmlns:bridge="http://fusesource.org/fabric/bridge" xmlns:zkbridge="http://fusesource.org/fabric/bridge/zookeeper"
       xsi:schemaLocation="
       http://www.springframework.org/schema/beans http://www.springframework.org/schema/beans/spring-beans.xsd
        http://fusesource.org/fabric/bridge http://fusesource.org/fabric/bridge/fabric-bridge.xsd
        http://fusesource.org/fabric/bridge/zookeeper http://fusesource.org/fabric/bridge/zookeeper/fabric-bridge-zookeeper.xsd">

  <!-- Since this is a test case lets run a local ZK server -->
  <bean id="zkServer" class="org.fusesource.fabric.zookeeper.spring.ZKServerFactoryBean" />

  <bean id="zkServerSetup" class="org.fusesource.fabric.bridge.zk.internal.ZkServerSetupBean" lazy-init="false">
    <property name="fabricService" ref="fabricservice"/>
  </bean>

  <bean id="zkClient" class="org.fusesource.fabric.zookeeper.spring.ZKClientFactoryBean">
    <property name="timeoutText" value="30s"/>
    <property name="connectString" value="localhost:2181"/>
  </bean>

  <bean id="fabricservice" class="org.fusesource.fabric.service.FabricServiceImpl">
    <property name="zooKeeper" ref="zkClient"/>
  </bean>

</beans>