<?xml version="1.0" encoding="UTF-8"?>
<!--
  Copyright (C) FuseSource, Inc.
  http://fusesource.com

  Licensed under the Apache License, Version 2.0 (the "License");
  you may not use this file except in compliance with the License.
  You may obtain a copy of the License at

     http://www.apache.org/licenses/LICENSE-2.0

  Unless required by applicable law or agreed to in writing, software
  distributed under the License is distributed on an "AS IS" BASIS,
  WITHOUT WARRANTIES OR CONDITIONS OF ANY KIND, either express or implied.
  See the License for the specific language governing permissions and
  limitations under the License.
  -->
<beans xmlns="http://www.springframework.org/schema/beans" xmlns:xsi="http://www.w3.org/2001/XMLSchema-instance"
       xmlns:bridge="http://fusesource.org/fabric/bridge" xmlns:zkbridge="http://fusesource.org/fabric/bridge/zookeeper"
       xsi:schemaLocation="
       http://www.springframework.org/schema/beans http://www.springframework.org/schema/beans/spring-beans.xsd
        http://fusesource.org/fabric/bridge http://fusesource.org/fabric/bridge/fabric-bridge.xsd
        http://fusesource.org/fabric/bridge/zookeeper http://fusesource.org/fabric/bridge/zookeeper/fabric-bridge-zookeeper.xsd">

    <bean id="curator" class="io.fabric8.zookeeper.spring.CuratorFactoryBean">
        <property name="timeout" value="30000"/>
        <property name="connectString" value="localhost:2181"/>
    </bean>

  <bean id="fabricservice" class="io.fabric8.service.FabricServiceImpl">
    <property name="curator" ref="curator"/>
  </bean>

  <!-- destinations configured using Fabric -->
  <zkbridge:zkbridge-destinations id="upstream" fabricServiceRef="fabricservice"/>

  <zkbridge:zkbridge-destinations id="downstream" fabricServiceRef="fabricservice"/>


  <!-- Fabric configured gateway, uses Fabric to discover destinations -->
  <zkbridge:zkgateway-connector id="myzkgateway" inboundDestinationsRef="upstream"
                                outboundDestinationsRef="downstream" fabricServiceRef="fabricservice"
                                zooKeeperRef="curator" profileName="test-gateway" phase="1">
    <bridge:local-broker
        brokerUrl="vm://remote?broker.persistent=false&amp;broker.brokerName=remote&amp;jms.prefetchPolicy.queuePrefetch=10"/>
  </zkbridge:zkgateway-connector>


  <!-- Fabric configured bridge, uses Fabric to discover destinations -->
  <zkbridge:zkbridge-connector id="myzkbridge" inboundDestinationsRef="downstream"
                               outboundDestinationsRef="upstream" fabricServiceRef="fabricservice"
                               zooKeeperRef="curator" gatewayProfileName="test-gateway">
    <bridge:local-broker
        brokerUrl="vm://local?broker.persistent=false&amp;broker.brokerName=local&amp;jms.prefetchPolicy.queuePrefetch=10"/>
  </zkbridge:zkbridge-connector>

</beans>
